<?xml version="1.0" encoding="UTF-8"?>
<testng-results ignored="0" total="3" passed="2" failed="0" skipped="1">
  <reporter-output>
  </reporter-output>
  <suite started-at="2021-11-14T16:03:57 IST" name="Suite1" finished-at="2021-11-14T16:04:11 IST" duration-ms="13442">
    <groups>
    </groups>
    <test started-at="2021-11-14T16:03:57 IST" name="TestingOnEdge" finished-at="2021-11-14T16:03:59 IST" duration-ms="1798">
      <class name="Demo.Cross_Browser">
        <test-method is-config="true" signature="setup(java.lang.String)[pri:0, instance:Demo.Cross_Browser@47987356]" started-at="2021-11-14T16:03:57 IST" name="setup" finished-at="2021-11-14T16:03:59 IST" duration-ms="1745" status="FAIL">
          <params>
            <param index="0">
              <value>
                <![CDATA[edge]]>
              </value>
            </param>
          </params>
          <exception class="org.openqa.selenium.SessionNotCreatedException">
            <message>
              <![CDATA[session not created: This version of MSEdgeDriver only supports MSEdge version 91
Current browser version is 95.0.1020.44 with binary path C:\Program Files (x86)\Microsoft\Edge\Application\msedge.exe
Build info: version: '3.141.59', revision: 'e82be7d358', time: '2018-11-14T08:25:53'
System info: host: 'IQZCBELT051', ip: '192.168.0.102', os.name: 'Windows 10', os.arch: 'amd64', os.version: '10.0', java.version: '15.0.2'
Driver info: driver.version: EdgeDriver
remote stacktrace: Backtrace:
Ordinal0 [0x00007FF7D2FA8F62+4427618]
Ordinal0 [0x00007FF7D2C5D583+972163]
Ordinal0 [0x00007FF7D2C8688E+1140878]
Ordinal0 [0x00007FF7D2C82887+1124487]
Ordinal0 [0x00007FF7D2C7C4D3+1098963]
Ordinal0 [0x00007FF7D2CB6F70+1339248]
Ordinal0 [0x00007FF7D2CB2B8F+1321871]
Ordinal0 [0x00007FF7D2C886FA+1148666]
Ordinal0 [0x00007FF7D2C8975F+1152863]
Ordinal0 [0x00007FF7D2D1BBBD+1751997]
Ordinal0 [0x00007FF7D2D1A152+1745234]
Ordinal0 [0x00007FF7D2E97824+3307556]
Ordinal0 [0x00007FF7D2FC8BD9+4557785]
Ordinal0 [0x00007FF7D2F57EFE+4095742]
Ordinal0 [0x00007FF7D2F57454+4093012]
Ordinal0 [0x00007FF7D2F572A5+4092581]
Ordinal0 [0x00007FF7D2F7169F+4200095]
BaseThreadInitThunk [0x00007FFB048C7034+20]
RtlUserThreadStart [0x00007FFB06742651+33]
]]>
            </message>
            <full-stacktrace>
              <![CDATA[org.openqa.selenium.SessionNotCreatedException: session not created: This version of MSEdgeDriver only supports MSEdge version 91
Current browser version is 95.0.1020.44 with binary path C:\Program Files (x86)\Microsoft\Edge\Application\msedge.exe
Build info: version: '3.141.59', revision: 'e82be7d358', time: '2018-11-14T08:25:53'
System info: host: 'IQZCBELT051', ip: '192.168.0.102', os.name: 'Windows 10', os.arch: 'amd64', os.version: '10.0', java.version: '15.0.2'
Driver info: driver.version: EdgeDriver
remote stacktrace: Backtrace:
Ordinal0 [0x00007FF7D2FA8F62+4427618]
Ordinal0 [0x00007FF7D2C5D583+972163]
Ordinal0 [0x00007FF7D2C8688E+1140878]
Ordinal0 [0x00007FF7D2C82887+1124487]
Ordinal0 [0x00007FF7D2C7C4D3+1098963]
Ordinal0 [0x00007FF7D2CB6F70+1339248]
Ordinal0 [0x00007FF7D2CB2B8F+1321871]
Ordinal0 [0x00007FF7D2C886FA+1148666]
Ordinal0 [0x00007FF7D2C8975F+1152863]
Ordinal0 [0x00007FF7D2D1BBBD+1751997]
Ordinal0 [0x00007FF7D2D1A152+1745234]
Ordinal0 [0x00007FF7D2E97824+3307556]
Ordinal0 [0x00007FF7D2FC8BD9+4557785]
Ordinal0 [0x00007FF7D2F57EFE+4095742]
Ordinal0 [0x00007FF7D2F57454+4093012]
Ordinal0 [0x00007FF7D2F572A5+4092581]
Ordinal0 [0x00007FF7D2F7169F+4200095]
BaseThreadInitThunk [0x00007FFB048C7034+20]
RtlUserThreadStart [0x00007FFB06742651+33]

at java.base/jdk.internal.reflect.NativeConstructorAccessorImpl.newInstance0(Native Method)
at java.base/jdk.internal.reflect.NativeConstructorAccessorImpl.newInstance(NativeConstructorAccessorImpl.java:64)
at java.base/jdk.internal.reflect.DelegatingConstructorAccessorImpl.newInstance(DelegatingConstructorAccessorImpl.java:45)
at java.base/java.lang.reflect.Constructor.newInstanceWithCaller(Constructor.java:500)
at java.base/java.lang.reflect.Constructor.newInstance(Constructor.java:481)
at org.openqa.selenium.remote.W3CHandshakeResponse.lambda$errorHandler$0(W3CHandshakeResponse.java:62)
at org.openqa.selenium.remote.HandshakeResponse.lambda$getResponseFunction$0(HandshakeResponse.java:30)
at org.openqa.selenium.remote.ProtocolHandshake.lambda$createSession$0(ProtocolHandshake.java:126)
at java.base/java.util.stream.ReferencePipeline$3$1.accept(ReferencePipeline.java:195)
at java.base/java.util.Spliterators$ArraySpliterator.tryAdvance(Spliterators.java:958)
at java.base/java.util.stream.ReferencePipeline.forEachWithCancel(ReferencePipeline.java:127)
at java.base/java.util.stream.AbstractPipeline.copyIntoWithCancel(AbstractPipeline.java:502)
at java.base/java.util.stream.AbstractPipeline.copyInto(AbstractPipeline.java:488)
at java.base/java.util.stream.AbstractPipeline.wrapAndCopyInto(AbstractPipeline.java:474)
at java.base/java.util.stream.FindOps$FindOp.evaluateSequential(FindOps.java:150)
at java.base/java.util.stream.AbstractPipeline.evaluate(AbstractPipeline.java:234)
at java.base/java.util.stream.ReferencePipeline.findFirst(ReferencePipeline.java:543)
at org.openqa.selenium.remote.ProtocolHandshake.createSession(ProtocolHandshake.java:128)
at org.openqa.selenium.remote.ProtocolHandshake.createSession(ProtocolHandshake.java:74)
at org.openqa.selenium.remote.HttpCommandExecutor.execute(HttpCommandExecutor.java:136)
at org.openqa.selenium.remote.service.DriverCommandExecutor.execute(DriverCommandExecutor.java:83)
at org.openqa.selenium.remote.RemoteWebDriver.execute(RemoteWebDriver.java:552)
at org.openqa.selenium.remote.RemoteWebDriver.startSession(RemoteWebDriver.java:213)
at org.openqa.selenium.remote.RemoteWebDriver.<init>(RemoteWebDriver.java:131)
at org.openqa.selenium.edge.EdgeDriver.<init>(EdgeDriver.java:141)
at org.openqa.selenium.edge.EdgeDriver.<init>(EdgeDriver.java:96)
at Demo.Cross_Browser.setup(Cross_Browser.java:31)
at java.base/jdk.internal.reflect.NativeMethodAccessorImpl.invoke0(Native Method)
at java.base/jdk.internal.reflect.NativeMethodAccessorImpl.invoke(NativeMethodAccessorImpl.java:64)
at java.base/jdk.internal.reflect.DelegatingMethodAccessorImpl.invoke(DelegatingMethodAccessorImpl.java:43)
at java.base/java.lang.reflect.Method.invoke(Method.java:564)
at org.testng.internal.MethodInvocationHelper.invokeMethod(MethodInvocationHelper.java:133)
at org.testng.internal.MethodInvocationHelper.invokeMethodConsideringTimeout(MethodInvocationHelper.java:62)
at org.testng.internal.ConfigInvoker.invokeConfigurationMethod(ConfigInvoker.java:385)
at org.testng.internal.ConfigInvoker.invokeConfigurations(ConfigInvoker.java:321)
at org.testng.TestRunner.invokeTestConfigurations(TestRunner.java:637)
at org.testng.TestRunner.beforeRun(TestRunner.java:627)
at org.testng.TestRunner.run(TestRunner.java:589)
at org.testng.SuiteRunner.runTest(SuiteRunner.java:377)
at org.testng.SuiteRunner.access$000(SuiteRunner.java:28)
at org.testng.SuiteRunner$SuiteWorker.run(SuiteRunner.java:418)
at org.testng.internal.thread.ThreadUtil.lambda$execute$0(ThreadUtil.java:64)
at java.base/java.util.concurrent.FutureTask.run(FutureTask.java:264)
at java.base/java.util.concurrent.ThreadPoolExecutor.runWorker(ThreadPoolExecutor.java:1130)
at java.base/java.util.concurrent.ThreadPoolExecutor$Worker.run(ThreadPoolExecutor.java:630)
at java.base/java.lang.Thread.run(Thread.java:832)
]]>
            </full-stacktrace>
          </exception> <!-- org.openqa.selenium.SessionNotCreatedException -->
          <reporter-output>
          </reporter-output>
        </test-method> <!-- setup -->
        <test-method signature="test1()[pri:0, instance:Demo.Cross_Browser@47987356]" started-at="2021-11-14T16:03:59 IST" name="test1" finished-at="2021-11-14T16:03:59 IST" duration-ms="0" status="SKIP">
          <exception class="org.openqa.selenium.SessionNotCreatedException">
            <message>
              <![CDATA[session not created: This version of MSEdgeDriver only supports MSEdge version 91
Current browser version is 95.0.1020.44 with binary path C:\Program Files (x86)\Microsoft\Edge\Application\msedge.exe
Build info: version: '3.141.59', revision: 'e82be7d358', time: '2018-11-14T08:25:53'
System info: host: 'IQZCBELT051', ip: '192.168.0.102', os.name: 'Windows 10', os.arch: 'amd64', os.version: '10.0', java.version: '15.0.2'
Driver info: driver.version: EdgeDriver
remote stacktrace: Backtrace:
Ordinal0 [0x00007FF7D2FA8F62+4427618]
Ordinal0 [0x00007FF7D2C5D583+972163]
Ordinal0 [0x00007FF7D2C8688E+1140878]
Ordinal0 [0x00007FF7D2C82887+1124487]
Ordinal0 [0x00007FF7D2C7C4D3+1098963]
Ordinal0 [0x00007FF7D2CB6F70+1339248]
Ordinal0 [0x00007FF7D2CB2B8F+1321871]
Ordinal0 [0x00007FF7D2C886FA+1148666]
Ordinal0 [0x00007FF7D2C8975F+1152863]
Ordinal0 [0x00007FF7D2D1BBBD+1751997]
Ordinal0 [0x00007FF7D2D1A152+1745234]
Ordinal0 [0x00007FF7D2E97824+3307556]
Ordinal0 [0x00007FF7D2FC8BD9+4557785]
Ordinal0 [0x00007FF7D2F57EFE+4095742]
Ordinal0 [0x00007FF7D2F57454+4093012]
Ordinal0 [0x00007FF7D2F572A5+4092581]
Ordinal0 [0x00007FF7D2F7169F+4200095]
BaseThreadInitThunk [0x00007FFB048C7034+20]
RtlUserThreadStart [0x00007FFB06742651+33]
]]>
            </message>
            <full-stacktrace>
              <![CDATA[org.openqa.selenium.SessionNotCreatedException: session not created: This version of MSEdgeDriver only supports MSEdge version 91
Current browser version is 95.0.1020.44 with binary path C:\Program Files (x86)\Microsoft\Edge\Application\msedge.exe
Build info: version: '3.141.59', revision: 'e82be7d358', time: '2018-11-14T08:25:53'
System info: host: 'IQZCBELT051', ip: '192.168.0.102', os.name: 'Windows 10', os.arch: 'amd64', os.version: '10.0', java.version: '15.0.2'
Driver info: driver.version: EdgeDriver
remote stacktrace: Backtrace:
Ordinal0 [0x00007FF7D2FA8F62+4427618]
Ordinal0 [0x00007FF7D2C5D583+972163]
Ordinal0 [0x00007FF7D2C8688E+1140878]
Ordinal0 [0x00007FF7D2C82887+1124487]
Ordinal0 [0x00007FF7D2C7C4D3+1098963]
Ordinal0 [0x00007FF7D2CB6F70+1339248]
Ordinal0 [0x00007FF7D2CB2B8F+1321871]
Ordinal0 [0x00007FF7D2C886FA+1148666]
Ordinal0 [0x00007FF7D2C8975F+1152863]
Ordinal0 [0x00007FF7D2D1BBBD+1751997]
Ordinal0 [0x00007FF7D2D1A152+1745234]
Ordinal0 [0x00007FF7D2E97824+3307556]
Ordinal0 [0x00007FF7D2FC8BD9+4557785]
Ordinal0 [0x00007FF7D2F57EFE+4095742]
Ordinal0 [0x00007FF7D2F57454+4093012]
Ordinal0 [0x00007FF7D2F572A5+4092581]
Ordinal0 [0x00007FF7D2F7169F+4200095]
BaseThreadInitThunk [0x00007FFB048C7034+20]
RtlUserThreadStart [0x00007FFB06742651+33]

at java.base/jdk.internal.reflect.NativeConstructorAccessorImpl.newInstance0(Native Method)
at java.base/jdk.internal.reflect.NativeConstructorAccessorImpl.newInstance(NativeConstructorAccessorImpl.java:64)
at java.base/jdk.internal.reflect.DelegatingConstructorAccessorImpl.newInstance(DelegatingConstructorAccessorImpl.java:45)
at java.base/java.lang.reflect.Constructor.newInstanceWithCaller(Constructor.java:500)
at java.base/java.lang.reflect.Constructor.newInstance(Constructor.java:481)
at org.openqa.selenium.remote.W3CHandshakeResponse.lambda$errorHandler$0(W3CHandshakeResponse.java:62)
at org.openqa.selenium.remote.HandshakeResponse.lambda$getResponseFunction$0(HandshakeResponse.java:30)
at org.openqa.selenium.remote.ProtocolHandshake.lambda$createSession$0(ProtocolHandshake.java:126)
at java.base/java.util.stream.ReferencePipeline$3$1.accept(ReferencePipeline.java:195)
at java.base/java.util.Spliterators$ArraySpliterator.tryAdvance(Spliterators.java:958)
at java.base/java.util.stream.ReferencePipeline.forEachWithCancel(ReferencePipeline.java:127)
at java.base/java.util.stream.AbstractPipeline.copyIntoWithCancel(AbstractPipeline.java:502)
at java.base/java.util.stream.AbstractPipeline.copyInto(AbstractPipeline.java:488)
at java.base/java.util.stream.AbstractPipeline.wrapAndCopyInto(AbstractPipeline.java:474)
at java.base/java.util.stream.FindOps$FindOp.evaluateSequential(FindOps.java:150)
at java.base/java.util.stream.AbstractPipeline.evaluate(AbstractPipeline.java:234)
at java.base/java.util.stream.ReferencePipeline.findFirst(ReferencePipeline.java:543)
at org.openqa.selenium.remote.ProtocolHandshake.createSession(ProtocolHandshake.java:128)
at org.openqa.selenium.remote.ProtocolHandshake.createSession(ProtocolHandshake.java:74)
at org.openqa.selenium.remote.HttpCommandExecutor.execute(HttpCommandExecutor.java:136)
at org.openqa.selenium.remote.service.DriverCommandExecutor.execute(DriverCommandExecutor.java:83)
at org.openqa.selenium.remote.RemoteWebDriver.execute(RemoteWebDriver.java:552)
at org.openqa.selenium.remote.RemoteWebDriver.startSession(RemoteWebDriver.java:213)
at org.openqa.selenium.remote.RemoteWebDriver.<init>(RemoteWebDriver.java:131)
at org.openqa.selenium.edge.EdgeDriver.<init>(EdgeDriver.java:141)
at org.openqa.selenium.edge.EdgeDriver.<init>(EdgeDriver.java:96)
at Demo.Cross_Browser.setup(Cross_Browser.java:31)
at java.base/jdk.internal.reflect.NativeMethodAccessorImpl.invoke0(Native Method)
at java.base/jdk.internal.reflect.NativeMethodAccessorImpl.invoke(NativeMethodAccessorImpl.java:64)
at java.base/jdk.internal.reflect.DelegatingMethodAccessorImpl.invoke(DelegatingMethodAccessorImpl.java:43)
at java.base/java.lang.reflect.Method.invoke(Method.java:564)
at org.testng.internal.MethodInvocationHelper.invokeMethod(MethodInvocationHelper.java:133)
at org.testng.internal.MethodInvocationHelper.invokeMethodConsideringTimeout(MethodInvocationHelper.java:62)
at org.testng.internal.ConfigInvoker.invokeConfigurationMethod(ConfigInvoker.java:385)
at org.testng.internal.ConfigInvoker.invokeConfigurations(ConfigInvoker.java:321)
at org.testng.TestRunner.invokeTestConfigurations(TestRunner.java:637)
at org.testng.TestRunner.beforeRun(TestRunner.java:627)
at org.testng.TestRunner.run(TestRunner.java:589)
at org.testng.SuiteRunner.runTest(SuiteRunner.java:377)
at org.testng.SuiteRunner.access$000(SuiteRunner.java:28)
at org.testng.SuiteRunner$SuiteWorker.run(SuiteRunner.java:418)
at org.testng.internal.thread.ThreadUtil.lambda$execute$0(ThreadUtil.java:64)
at java.base/java.util.concurrent.FutureTask.run(FutureTask.java:264)
at java.base/java.util.concurrent.ThreadPoolExecutor.runWorker(ThreadPoolExecutor.java:1130)
at java.base/java.util.concurrent.ThreadPoolExecutor$Worker.run(ThreadPoolExecutor.java:630)
at java.base/java.lang.Thread.run(Thread.java:832)
]]>
            </full-stacktrace>
          </exception> <!-- org.openqa.selenium.SessionNotCreatedException -->
          <reporter-output>
          </reporter-output>
        </test-method> <!-- test1 -->
        <test-method is-config="true" signature="finish()[pri:0, instance:Demo.Cross_Browser@47987356]" started-at="2021-11-14T16:03:59 IST" name="finish" finished-at="1970-01-01T05:30:00 IST" duration-ms="-1636886039587" status="SKIP">
          <reporter-output>
          </reporter-output>
        </test-method> <!-- finish -->
      </class> <!-- Demo.Cross_Browser -->
    </test> <!-- TestingOnEdge -->
    <test started-at="2021-11-14T16:03:57 IST" name="TestingOnChrome" finished-at="2021-11-14T16:04:10 IST" duration-ms="13126">
      <class name="Demo.Cross_Browser">
        <test-method is-config="true" signature="setup(java.lang.String)[pri:0, instance:Demo.Cross_Browser@69997e9d]" started-at="2021-11-14T16:03:57 IST" name="setup" finished-at="2021-11-14T16:04:00 IST" duration-ms="3093" status="PASS">
          <params>
            <param index="0">
              <value>
                <![CDATA[chrome]]>
              </value>
            </param>
          </params>
          <reporter-output>
          </reporter-output>
        </test-method> <!-- setup -->
        <test-method signature="test1()[pri:0, instance:Demo.Cross_Browser@69997e9d]" started-at="2021-11-14T16:04:00 IST" name="test1" finished-at="2021-11-14T16:04:06 IST" duration-ms="5884" status="PASS">
          <reporter-output>
          </reporter-output>
        </test-method> <!-- test1 -->
        <test-method is-config="true" signature="finish()[pri:0, instance:Demo.Cross_Browser@69997e9d]" started-at="2021-11-14T16:04:06 IST" name="finish" finished-at="2021-11-14T16:04:10 IST" duration-ms="4142" status="PASS">
          <reporter-output>
          </reporter-output>
        </test-method> <!-- finish -->
      </class> <!-- Demo.Cross_Browser -->
    </test> <!-- TestingOnChrome -->
    <test started-at="2021-11-14T16:03:57 IST" name="TestingOnFirefox" finished-at="2021-11-14T16:04:11 IST" duration-ms="13441">
      <class name="Demo.Cross_Browser">
        <test-method is-config="true" signature="setup(java.lang.String)[pri:0, instance:Demo.Cross_Browser@20ccf40b]" started-at="2021-11-14T16:03:57 IST" name="setup" finished-at="2021-11-14T16:04:04 IST" duration-ms="6683" status="PASS">
          <params>
            <param index="0">
              <value>
                <![CDATA[firefox]]>
              </value>
            </param>
          </params>
          <reporter-output>
          </reporter-output>
        </test-method> <!-- setup -->
        <test-method signature="test1()[pri:0, instance:Demo.Cross_Browser@20ccf40b]" started-at="2021-11-14T16:04:04 IST" name="test1" finished-at="2021-11-14T16:04:10 IST" duration-ms="6104" status="PASS">
          <reporter-output>
          </reporter-output>
        </test-method> <!-- test1 -->
        <test-method is-config="true" signature="finish()[pri:0, instance:Demo.Cross_Browser@20ccf40b]" started-at="2021-11-14T16:04:10 IST" name="finish" finished-at="2021-11-14T16:04:11 IST" duration-ms="646" status="PASS">
          <reporter-output>
          </reporter-output>
        </test-method> <!-- finish -->
      </class> <!-- Demo.Cross_Browser -->
    </test> <!-- TestingOnFirefox -->
  </suite> <!-- Suite1 -->
</testng-results>
