<?xml version="1.0" encoding="UTF-8"?>
<!-- Generated by org.testng.reporters.JUnitReportReporter -->
<testsuite hostname="IQZCBELT051" failures="0" tests="4" name="Demo.Cross_Browser" time="13.733" errors="1" timestamp="2021-11-14T16:04:11 IST" skipped="1">
  <testcase classname="Demo.Cross_Browser" name="setup" time="1.745">
    <error message="session not created: This version of MSEdgeDriver only supports MSEdge version 91
Current browser version is 95.0.1020.44 with binary path C:\Program Files (x86)\Microsoft\Edge\Application\msedge.exe
Build info: version: &#039;3.141.59&#039;, revision: &#039;e82be7d358&#039;, time: &#039;2018-11-14T08:25:53&#039;
System info: host: &#039;IQZCBELT051&#039;, ip: &#039;192.168.0.102&#039;, os.name: &#039;Windows 10&#039;, os.arch: &#039;amd64&#039;, os.version: &#039;10.0&#039;, java.version: &#039;15.0.2&#039;
Driver info: driver.version: EdgeDriver
remote stacktrace: Backtrace:
	Ordinal0 [0x00007FF7D2FA8F62+4427618]
	Ordinal0 [0x00007FF7D2C5D583+972163]
	Ordinal0 [0x00007FF7D2C8688E+1140878]
	Ordinal0 [0x00007FF7D2C82887+1124487]
	Ordinal0 [0x00007FF7D2C7C4D3+1098963]
	Ordinal0 [0x00007FF7D2CB6F70+1339248]
	Ordinal0 [0x00007FF7D2CB2B8F+1321871]
	Ordinal0 [0x00007FF7D2C886FA+1148666]
	Ordinal0 [0x00007FF7D2C8975F+1152863]
	Ordinal0 [0x00007FF7D2D1BBBD+1751997]
	Ordinal0 [0x00007FF7D2D1A152+1745234]
	Ordinal0 [0x00007FF7D2E97824+3307556]
	Ordinal0 [0x00007FF7D2FC8BD9+4557785]
	Ordinal0 [0x00007FF7D2F57EFE+4095742]
	Ordinal0 [0x00007FF7D2F57454+4093012]
	Ordinal0 [0x00007FF7D2F572A5+4092581]
	Ordinal0 [0x00007FF7D2F7169F+4200095]
	BaseThreadInitThunk [0x00007FFB048C7034+20]
	RtlUserThreadStart [0x00007FFB06742651+33]
" type="org.openqa.selenium.SessionNotCreatedException">
      <![CDATA[org.openqa.selenium.SessionNotCreatedException: session not created: This version of MSEdgeDriver only supports MSEdge version 91
Current browser version is 95.0.1020.44 with binary path C:\Program Files (x86)\Microsoft\Edge\Application\msedge.exe
Build info: version: '3.141.59', revision: 'e82be7d358', time: '2018-11-14T08:25:53'
System info: host: 'IQZCBELT051', ip: '192.168.0.102', os.name: 'Windows 10', os.arch: 'amd64', os.version: '10.0', java.version: '15.0.2'
Driver info: driver.version: EdgeDriver
remote stacktrace: Backtrace:
Ordinal0 [0x00007FF7D2FA8F62+4427618]
Ordinal0 [0x00007FF7D2C5D583+972163]
Ordinal0 [0x00007FF7D2C8688E+1140878]
Ordinal0 [0x00007FF7D2C82887+1124487]
Ordinal0 [0x00007FF7D2C7C4D3+1098963]
Ordinal0 [0x00007FF7D2CB6F70+1339248]
Ordinal0 [0x00007FF7D2CB2B8F+1321871]
Ordinal0 [0x00007FF7D2C886FA+1148666]
Ordinal0 [0x00007FF7D2C8975F+1152863]
Ordinal0 [0x00007FF7D2D1BBBD+1751997]
Ordinal0 [0x00007FF7D2D1A152+1745234]
Ordinal0 [0x00007FF7D2E97824+3307556]
Ordinal0 [0x00007FF7D2FC8BD9+4557785]
Ordinal0 [0x00007FF7D2F57EFE+4095742]
Ordinal0 [0x00007FF7D2F57454+4093012]
Ordinal0 [0x00007FF7D2F572A5+4092581]
Ordinal0 [0x00007FF7D2F7169F+4200095]
BaseThreadInitThunk [0x00007FFB048C7034+20]
RtlUserThreadStart [0x00007FFB06742651+33]

at java.base/jdk.internal.reflect.NativeConstructorAccessorImpl.newInstance0(Native Method)
at java.base/jdk.internal.reflect.NativeConstructorAccessorImpl.newInstance(NativeConstructorAccessorImpl.java:64)
at java.base/jdk.internal.reflect.DelegatingConstructorAccessorImpl.newInstance(DelegatingConstructorAccessorImpl.java:45)
at java.base/java.lang.reflect.Constructor.newInstanceWithCaller(Constructor.java:500)
at java.base/java.lang.reflect.Constructor.newInstance(Constructor.java:481)
at org.openqa.selenium.remote.W3CHandshakeResponse.lambda$errorHandler$0(W3CHandshakeResponse.java:62)
at org.openqa.selenium.remote.HandshakeResponse.lambda$getResponseFunction$0(HandshakeResponse.java:30)
at org.openqa.selenium.remote.ProtocolHandshake.lambda$createSession$0(ProtocolHandshake.java:126)
at java.base/java.util.stream.ReferencePipeline$3$1.accept(ReferencePipeline.java:195)
at java.base/java.util.Spliterators$ArraySpliterator.tryAdvance(Spliterators.java:958)
at java.base/java.util.stream.ReferencePipeline.forEachWithCancel(ReferencePipeline.java:127)
at java.base/java.util.stream.AbstractPipeline.copyIntoWithCancel(AbstractPipeline.java:502)
at java.base/java.util.stream.AbstractPipeline.copyInto(AbstractPipeline.java:488)
at java.base/java.util.stream.AbstractPipeline.wrapAndCopyInto(AbstractPipeline.java:474)
at java.base/java.util.stream.FindOps$FindOp.evaluateSequential(FindOps.java:150)
at java.base/java.util.stream.AbstractPipeline.evaluate(AbstractPipeline.java:234)
at java.base/java.util.stream.ReferencePipeline.findFirst(ReferencePipeline.java:543)
at org.openqa.selenium.remote.ProtocolHandshake.createSession(ProtocolHandshake.java:128)
at org.openqa.selenium.remote.ProtocolHandshake.createSession(ProtocolHandshake.java:74)
at org.openqa.selenium.remote.HttpCommandExecutor.execute(HttpCommandExecutor.java:136)
at org.openqa.selenium.remote.service.DriverCommandExecutor.execute(DriverCommandExecutor.java:83)
at org.openqa.selenium.remote.RemoteWebDriver.execute(RemoteWebDriver.java:552)
at org.openqa.selenium.remote.RemoteWebDriver.startSession(RemoteWebDriver.java:213)
at org.openqa.selenium.remote.RemoteWebDriver.<init>(RemoteWebDriver.java:131)
at org.openqa.selenium.edge.EdgeDriver.<init>(EdgeDriver.java:141)
at org.openqa.selenium.edge.EdgeDriver.<init>(EdgeDriver.java:96)
at Demo.Cross_Browser.setup(Cross_Browser.java:31)
at java.base/jdk.internal.reflect.NativeMethodAccessorImpl.invoke0(Native Method)
at java.base/jdk.internal.reflect.NativeMethodAccessorImpl.invoke(NativeMethodAccessorImpl.java:64)
at java.base/jdk.internal.reflect.DelegatingMethodAccessorImpl.invoke(DelegatingMethodAccessorImpl.java:43)
at java.base/java.lang.reflect.Method.invoke(Method.java:564)
at org.testng.internal.MethodInvocationHelper.invokeMethod(MethodInvocationHelper.java:133)
at org.testng.internal.MethodInvocationHelper.invokeMethodConsideringTimeout(MethodInvocationHelper.java:62)
at org.testng.internal.ConfigInvoker.invokeConfigurationMethod(ConfigInvoker.java:385)
at org.testng.internal.ConfigInvoker.invokeConfigurations(ConfigInvoker.java:321)
at org.testng.TestRunner.invokeTestConfigurations(TestRunner.java:637)
at org.testng.TestRunner.beforeRun(TestRunner.java:627)
at org.testng.TestRunner.run(TestRunner.java:589)
at org.testng.SuiteRunner.runTest(SuiteRunner.java:377)
at org.testng.SuiteRunner.access$000(SuiteRunner.java:28)
at org.testng.SuiteRunner$SuiteWorker.run(SuiteRunner.java:418)
at org.testng.internal.thread.ThreadUtil.lambda$execute$0(ThreadUtil.java:64)
at java.base/java.util.concurrent.FutureTask.run(FutureTask.java:264)
at java.base/java.util.concurrent.ThreadPoolExecutor.runWorker(ThreadPoolExecutor.java:1130)
at java.base/java.util.concurrent.ThreadPoolExecutor$Worker.run(ThreadPoolExecutor.java:630)
at java.base/java.lang.Thread.run(Thread.java:832)
]]>
    </error>
  </testcase> <!-- setup -->
  <system-out/>
  <testcase classname="Demo.Cross_Browser" name="test1" time="0.000">
    <skipped/>
  </testcase> <!-- test1 -->
  <system-out/>
  <testcase classname="Demo.Cross_Browser" name="test1" time="5.884"/>
  <system-out/>
  <testcase classname="Demo.Cross_Browser" name="test1" time="6.104"/>
  <system-out/>
</testsuite> <!-- Demo.Cross_Browser -->
